<?xml version="1.0" encoding="UTF-8"?>
<testsuite xmlns:xsi="http://www.w3.org/2001/XMLSchema-instance" xsi:noNamespaceSchemaLocation="https://maven.apache.org/surefire/maven-surefire-plugin/xsd/surefire-test-report-3.0.xsd" version="3.0" name="it.exame.rest.controller.RestControllerTest" time="5.455" tests="9" errors="0" skipped="0" failures="0">
  <properties>
[...]
</properties>
  <testcase name="testDeleteMachineByUri" classname="it.exame.rest.controller.RestControllerTest" time="0.746">
    <system-out><![CDATA[2023-10-31 00:10:15,835 INFO  [io.quarkus] (main) composite-entities-manager-prototype 0.0.1-SNAPSHOT on JVM (powered by Quarkus 3.4.2) started in 1.777s. Listening on: http://0.0.0.0:8081
2023-10-31 00:10:15,837 INFO  [io.quarkus] (main) Profile test activated. 
2023-10-31 00:10:15,837 INFO  [io.quarkus] (main) Installed features: [cdi, rest-client-reactive, rest-client-reactive-jackson, resteasy-reactive, resteasy-reactive-jackson, smallrye-context-propagation, vertx]
]]></system-out>
  </testcase>
  <testcase name="testGetPossibileOperation" classname="it.exame.rest.controller.RestControllerTest" time="0.046"/>
  <testcase name="testPostNewEntity" classname="it.exame.rest.controller.RestControllerTest" time="0.064"/>
  <testcase name="testPostNotAMachine" classname="it.exame.rest.controller.RestControllerTest" time="0.01"/>
  <testcase name="testGetAllElement" classname="it.exame.rest.controller.RestControllerTest" time="0.018"/>
  <testcase name="testDeleteNotAMachineByUri" classname="it.exame.rest.controller.RestControllerTest" time="0.013"/>
  <testcase name="testPostNewEntityComplex" classname="it.exame.rest.controller.RestControllerTest" time="0.009"/>
  <testcase name="testPostExecuteOperation_EmptyBody" classname="it.exame.rest.controller.RestControllerTest" time="0.012"/>
  <testcase name="testPostExecuteOperation" classname="it.exame.rest.controller.RestControllerTest" time="0.012"/>
</testsuite>