<?xml version="1.0" encoding="UTF-8"?>
<testsuite xmlns:xsi="http://www.w3.org/2001/XMLSchema-instance" xsi:noNamespaceSchemaLocation="https://maven.apache.org/surefire/maven-surefire-plugin/xsd/surefire-test-report-3.0.xsd" version="3.0" name="it.exame.rest.client.ClientRestTest" time="2.507" tests="7" errors="0" skipped="0" failures="0">
  <properties>
[...]
</properties>
  <testcase name="testFindAll" classname="it.exame.rest.client.ClientRestTest" time="0.388">
    <system-out><![CDATA[2023-10-31 00:10:17,631 INFO  [io.quarkus] (main) composite-entities-manager-prototype stopped in 0.025s
2023-10-31 00:10:18.923 Verbose logging enabled
2023-10-31 00:10:19,185 INFO  [org.ecl.jet.ser.Server] (pool-9-thread-1) jetty-11.0.16; built: 2023-08-25T19:43:30.438Z; git: bedff458c4dd1a716d59e17b8cb0d2042eeab291; jvm 20.0.2+9-78
2023-10-31 00:10:19,199 INFO  [org.ecl.jet.ser.han.ContextHandler] (pool-9-thread-1) Started o.e.j.s.ServletContextHandler@60be259f{/__admin,null,AVAILABLE}
2023-10-31 00:10:19,204 INFO  [org.ecl.jet.ser.han.Con.ROOT] (pool-9-thread-1) RequestHandlerClass from context returned com.github.tomakehurst.wiremock.http.StubRequestHandler. Normalized mapped under returned 'null'
2023-10-31 00:10:19,204 INFO  [org.ecl.jet.ser.han.ContextHandler] (pool-9-thread-1) Started o.e.j.s.ServletContextHandler@7cbc0517{/,null,AVAILABLE}
2023-10-31 00:10:19,208 INFO  [org.ecl.jet.ser.AbstractConnector] (pool-9-thread-1) Started NetworkTrafficServerConnector@43fbe58e{HTTP/1.1, (http/1.1, h2c)}{0.0.0.0:8080}
2023-10-31 00:10:19,209 INFO  [org.ecl.jet.ser.Server] (pool-9-thread-1) Started Server@29ef0b0c{STARTING}[11.0.16,sto=1000] @7791ms
2023-10-31 00:10:19,627 INFO  [io.quarkus] (main) composite-entities-manager-prototype 0.0.1-SNAPSHOT on JVM (powered by Quarkus 3.4.2) started in 1.806s. Listening on: http://0.0.0.0:8081
2023-10-31 00:10:19,627 INFO  [io.quarkus] (main) Profile test activated. 
2023-10-31 00:10:19,627 INFO  [io.quarkus] (main) Installed features: [cdi, rest-client-reactive, rest-client-reactive-jackson, resteasy-reactive, resteasy-reactive-jackson, smallrye-context-propagation, vertx]
2023-10-31 00:10:19,947 DEBUG [org.jbo.res.rea.cli.log.DefaultClientLogger] (vert.x-eventloop-thread-2) Request: GET http://localhost:8080/entities/?type=ManufacturingMachine Headers[Accept=application/json Link=<https://raw.githubusercontent.com/smart-data-models/dataModel.ManufacturingMachine/master/context.jsonld>; rel="http://www.w3.org/ns/json-ld#context"; type="application/ld+json" User-Agent=Resteasy Reactive Client], Empty body
2023-10-31 00:10:20.008 Request received:
127.0.0.1 - GET /entities/?type=ManufacturingMachine

Accept: [application/json]
Link: [<https://raw.githubusercontent.com/smart-data-models/dataModel.ManufacturingMachine/master/context.jsonld>; rel="http://www.w3.org/ns/json-ld#context"; type="application/ld+json"]
User-Agent: [Resteasy Reactive Client]
Host: [localhost:8080]



Matched response definition:
{
  "status" : 200,
  "body" : "[\n\t{\n\t\t\"description\": \"Auger - Trivella\",\n\t    \"id\": \"urn:ngsi-ld:Machine:9166c528-9c98-4579-a5d3-8068aea5d7k0\",\n\t    \"machineModel\": \"urn:ngsi-ld:MachineModel:00b42701-43e1-482d-aa7a-e2956cfd65k9\",\n\t    \"type\": \"ManufacturingMachine\"\n\t}\n]",
  "headers" : {
    "Content-Type" : "application/json"
  }
}

Response:
HTTP/1.1 200
Content-Type: [application/json]
Matched-Stub-Id: [d0418b5f-58ae-4849-9f11-992f72e7b155]

2023-10-31 00:10:20,015 DEBUG [org.jbo.res.rea.cli.log.DefaultClientLogger] (vert.x-eventloop-thread-2) Response: GET http://localhost:8080/entities/?type=ManufacturingMachine, Status[200 OK], Headers[Content-Type=application/json Matched-Stub-Id=d0418b5f-58ae-4849-9f11-992f72e7b155 Transfer-Encoding=chunked], Body:
[
	{
		"description": "Auger - Trivella",
	    "id": "urn:ngsi-ld:Machine:9166c528-9c98-4579-a5d3-8068aea5d7k0",
	    "machineModel": "urn:ngsi-ld:MachineModel:00b42701-43e1-482d-aa7a-e2956cfd65k9",
	    "type": "ManufacturingMachine"
	}
]
]]></system-out>
  </testcase>
  <testcase name="testFindEntity" classname="it.exame.rest.client.ClientRestTest" time="0.012">
    <system-out><![CDATA[2023-10-31 00:10:20,057 DEBUG [org.jbo.res.rea.cli.log.DefaultClientLogger] (vert.x-eventloop-thread-2) Request: GET http://localhost:8080/entities/urn:ngsi-ld:Machine:9166c528-9c98-4579-a5d3-8068aea5d7k0 Headers[Accept=application/json Link=<https://raw.githubusercontent.com/smart-data-models/dataModel.ManufacturingMachine/master/context.jsonld>; rel="http://www.w3.org/ns/json-ld#context"; type="application/ld+json" User-Agent=Resteasy Reactive Client], Empty body
2023-10-31 00:10:20.060 Request received:
127.0.0.1 - GET /entities/urn:ngsi-ld:Machine:9166c528-9c98-4579-a5d3-8068aea5d7k0

Accept: [application/json]
Link: [<https://raw.githubusercontent.com/smart-data-models/dataModel.ManufacturingMachine/master/context.jsonld>; rel="http://www.w3.org/ns/json-ld#context"; type="application/ld+json"]
User-Agent: [Resteasy Reactive Client]
Host: [localhost:8080]



Matched response definition:
{
  "status" : 200,
  "body" : "{\n\t\t\"description\": \"Auger - Trivella\",\n\t    \"id\": \"urn:ngsi-ld:Machine:9166c528-9c98-4579-a5d3-8068aea5d7k0\",\n\t    \"machineModel\": \"urn:ngsi-ld:MachineModel:00b42701-43e1-482d-aa7a-e2956cfd65k9\",\n\t    \"type\": \"ManufacturingMachine\"\n\t}",
  "headers" : {
    "Content-Type" : "application/json"
  }
}

Response:
HTTP/1.1 200
Content-Type: [application/json]
Matched-Stub-Id: [25ec56f3-242f-46fe-8dbc-0e60cc3d8006]

2023-10-31 00:10:20,061 DEBUG [org.jbo.res.rea.cli.log.DefaultClientLogger] (vert.x-eventloop-thread-2) Response: GET http://localhost:8080/entities/urn:ngsi-ld:Machine:9166c528-9c98-4579-a5d3-8068aea5d7k0, Status[200 OK], Headers[Content-Type=application/json Matched-Stub-Id=25ec56f3-242f-46fe-8dbc-0e60cc3d8006 Transfer-Encoding=chunked], Body:
{
		"description": "Auger - Trivella",
	    "id": "urn:ngsi-ld:Machine:9166c528-9c98-4579-a5d3-8068aea5d7k0",
	    "machineModel": "urn:ngsi-ld:MachineModel:00b42701-43e1-482d-aa7a-e2956cfd65k9",
	    "type": "ManufacturingMachine"
	}
]]></system-out>
  </testcase>
  <testcase name="testFindAttributeOfEntity" classname="it.exame.rest.client.ClientRestTest" time="0.006">
    <system-out><![CDATA[2023-10-31 00:10:20,071 DEBUG [org.jbo.res.rea.cli.log.DefaultClientLogger] (vert.x-eventloop-thread-2) Request: GET http://localhost:8080/entities/urn:ngsi-ld:Machine:9166c528-9c98-4579-a5d3-8068aea5d7k0?attrs=machineModel Headers[Accept=application/json Link=<https://raw.githubusercontent.com/smart-data-models/dataModel.ManufacturingMachine/master/context.jsonld>; rel="http://www.w3.org/ns/json-ld#context"; type="application/ld+json" User-Agent=Resteasy Reactive Client], Empty body
2023-10-31 00:10:20.072 Request received:
127.0.0.1 - GET /entities/urn:ngsi-ld:Machine:9166c528-9c98-4579-a5d3-8068aea5d7k0?attrs=machineModel

Accept: [application/json]
Link: [<https://raw.githubusercontent.com/smart-data-models/dataModel.ManufacturingMachine/master/context.jsonld>; rel="http://www.w3.org/ns/json-ld#context"; type="application/ld+json"]
User-Agent: [Resteasy Reactive Client]
Host: [localhost:8080]



Matched response definition:
{
  "status" : 200,
  "body" : "{\n\t\t\"description\": \"Auger - Trivella\",\n\t    \"id\": \"urn:ngsi-ld:Machine:9166c528-9c98-4579-a5d3-8068aea5d7k0\",\n\t    \"machineModel\": \"urn:ngsi-ld:MachineModel:00b42701-43e1-482d-aa7a-e2956cfd65k9\",\n\t    \"type\": \"ManufacturingMachine\"\n\t}",
  "headers" : {
    "Content-Type" : "application/json"
  }
}

Response:
HTTP/1.1 200
Content-Type: [application/json]
Matched-Stub-Id: [19d7f656-bda4-429c-978a-25bab343bf2d]

2023-10-31 00:10:20,073 DEBUG [org.jbo.res.rea.cli.log.DefaultClientLogger] (vert.x-eventloop-thread-2) Response: GET http://localhost:8080/entities/urn:ngsi-ld:Machine:9166c528-9c98-4579-a5d3-8068aea5d7k0?attrs=machineModel, Status[200 OK], Headers[Content-Type=application/json Matched-Stub-Id=19d7f656-bda4-429c-978a-25bab343bf2d Transfer-Encoding=chunked], Body:
{
		"description": "Auger - Trivella",
	    "id": "urn:ngsi-ld:Machine:9166c528-9c98-4579-a5d3-8068aea5d7k0",
	    "machineModel": "urn:ngsi-ld:MachineModel:00b42701-43e1-482d-aa7a-e2956cfd65k9",
	    "type": "ManufacturingMachine"
	}
]]></system-out>
  </testcase>
  <testcase name="testDeleteEntity" classname="it.exame.rest.client.ClientRestTest" time="0.009">
    <system-out><![CDATA[2023-10-31 00:10:20,078 DEBUG [org.jbo.res.rea.cli.log.DefaultClientLogger] (vert.x-eventloop-thread-2) Request: DELETE http://localhost:8080/entities/urn:ngsi-ld:Machine:9166c528-9c98-4579-a5d3-8068aea5d6c0 Headers[Accept=application/json Link=<https://raw.githubusercontent.com/smart-data-models/dataModel.ManufacturingMachine/master/context.jsonld>; rel="http://www.w3.org/ns/json-ld#context"; type="application/ld+json" User-Agent=Resteasy Reactive Client], Empty body
2023-10-31 00:10:20.080 Request received:
127.0.0.1 - DELETE /entities/urn:ngsi-ld:Machine:9166c528-9c98-4579-a5d3-8068aea5d6c0

Accept: [application/json]
Link: [<https://raw.githubusercontent.com/smart-data-models/dataModel.ManufacturingMachine/master/context.jsonld>; rel="http://www.w3.org/ns/json-ld#context"; type="application/ld+json"]
User-Agent: [Resteasy Reactive Client]
Host: [localhost:8080]



Matched response definition:
{
  "status" : 204
}

Response:
HTTP/1.1 204
Matched-Stub-Id: [919394f1-0c12-48ec-904c-fb2978fbe230]

2023-10-31 00:10:20,081 DEBUG [org.jbo.res.rea.cli.log.DefaultClientLogger] (vert.x-eventloop-thread-2) Response: DELETE http://localhost:8080/entities/urn:ngsi-ld:Machine:9166c528-9c98-4579-a5d3-8068aea5d6c0, Status[204 No Content], Headers[Matched-Stub-Id=919394f1-0c12-48ec-904c-fb2978fbe230], Body:

]]></system-out>
  </testcase>
  <testcase name="testPostEntityList" classname="it.exame.rest.client.ClientRestTest" time="0.012">
    <system-out><![CDATA[2023-10-31 00:10:20,094 DEBUG [org.jbo.res.rea.cli.log.DefaultClientLogger] (vert.x-eventloop-thread-2) Request: POST http://localhost:8080/entityOperations/create Headers[Accept=application/json Content-Type=application/json Link=<https://raw.githubusercontent.com/smart-data-models/dataModel.ManufacturingMachine/master/context.jsonld>; rel="http://www.w3.org/ns/json-ld#context"; type="application/ld+json" User-Agent=Resteasy Reactive Client content-length=209], Body:
[{"machineModel":"urn:ngsi-ld:MachineModel:00b42701-43e1-482d-aa7a-e2956cfd65k9","description":"Auger - Trivella","id":"urn:ngsi-ld:Machine:9166c528-9c98-4579-a5d3-8068aea5d7k0","type":"ManufactoringMachine"}]
2023-10-31 00:10:20.095 Request received:
127.0.0.1 - POST /entityOperations/create

Accept: [application/json]
Content-Type: [application/json]
Link: [<https://raw.githubusercontent.com/smart-data-models/dataModel.ManufacturingMachine/master/context.jsonld>; rel="http://www.w3.org/ns/json-ld#context"; type="application/ld+json"]
User-Agent: [Resteasy Reactive Client]
Content-Length: [209]
Host: [localhost:8080]
[{"machineModel":"urn:ngsi-ld:MachineModel:00b42701-43e1-482d-aa7a-e2956cfd65k9","description":"Auger - Trivella","id":"urn:ngsi-ld:Machine:9166c528-9c98-4579-a5d3-8068aea5d7k0","type":"ManufactoringMachine"}]


Matched response definition:
{
  "status" : 201
}

Response:
HTTP/1.1 201
Matched-Stub-Id: [7f7db7c5-ecae-4b54-b12d-28aa8c3ccffa]

2023-10-31 00:10:20,096 DEBUG [org.jbo.res.rea.cli.log.DefaultClientLogger] (vert.x-eventloop-thread-2) Response: POST http://localhost:8080/entityOperations/create, Status[201 Created], Headers[Matched-Stub-Id=7f7db7c5-ecae-4b54-b12d-28aa8c3ccffa Transfer-Encoding=chunked], Body:

]]></system-out>
  </testcase>
  <testcase name="testFindEntityByFilter" classname="it.exame.rest.client.ClientRestTest" time="0.008">
    <system-out><![CDATA[2023-10-31 00:10:20,102 DEBUG [org.jbo.res.rea.cli.log.DefaultClientLogger] (vert.x-eventloop-thread-2) Request: GET http://localhost:8080/entities/?type=ManufacturingMachine&q=id%3D%3Durn%3Angsi-ld%3AMachine%3A9166c528-9c98-4579-a5d3-8068aea5d7k0&q=machineModel%3D%3Durn%3Angsi-ld%3AMachineModel%3A00b42701-43e1-482d-aa7a-e2956cfd65k9 Headers[Accept=application/json Link=<https://raw.githubusercontent.com/smart-data-models/dataModel.ManufacturingMachine/master/context.jsonld>; rel="http://www.w3.org/ns/json-ld#context"; type="application/ld+json" User-Agent=Resteasy Reactive Client], Empty body
2023-10-31 00:10:20.103 Request received:
127.0.0.1 - GET /entities/?type=ManufacturingMachine&q=id%3D%3Durn%3Angsi-ld%3AMachine%3A9166c528-9c98-4579-a5d3-8068aea5d7k0&q=machineModel%3D%3Durn%3Angsi-ld%3AMachineModel%3A00b42701-43e1-482d-aa7a-e2956cfd65k9

Accept: [application/json]
Link: [<https://raw.githubusercontent.com/smart-data-models/dataModel.ManufacturingMachine/master/context.jsonld>; rel="http://www.w3.org/ns/json-ld#context"; type="application/ld+json"]
User-Agent: [Resteasy Reactive Client]
Host: [localhost:8080]



Matched response definition:
{
  "status" : 200,
  "body" : "[{\n\t\t\"description\": \"Auger - Trivella\",\n\t    \"id\": \"urn:ngsi-ld:Machine:9166c528-9c98-4579-a5d3-8068aea5d7k0\",\n\t    \"machineModel\": \"urn:ngsi-ld:MachineModel:00b42701-43e1-482d-aa7a-e2956cfd65k9\",\n\t    \"type\": \"ManufacturingMachine\"\n\t}]",
  "headers" : {
    "Content-Type" : "application/json"
  }
}

Response:
HTTP/1.1 200
Content-Type: [application/json]
Matched-Stub-Id: [bdf18415-39b5-4c27-847a-4b4bdd12f5e6]

2023-10-31 00:10:20,104 DEBUG [org.jbo.res.rea.cli.log.DefaultClientLogger] (vert.x-eventloop-thread-2) Response: GET http://localhost:8080/entities/?type=ManufacturingMachine&q=id%3D%3Durn%3Angsi-ld%3AMachine%3A9166c528-9c98-4579-a5d3-8068aea5d7k0&q=machineModel%3D%3Durn%3Angsi-ld%3AMachineModel%3A00b42701-43e1-482d-aa7a-e2956cfd65k9, Status[200 OK], Headers[Content-Type=application/json Matched-Stub-Id=bdf18415-39b5-4c27-847a-4b4bdd12f5e6 Transfer-Encoding=chunked], Body:
[{
		"description": "Auger - Trivella",
	    "id": "urn:ngsi-ld:Machine:9166c528-9c98-4579-a5d3-8068aea5d7k0",
	    "machineModel": "urn:ngsi-ld:MachineModel:00b42701-43e1-482d-aa7a-e2956cfd65k9",
	    "type": "ManufacturingMachine"
	}]
]]></system-out>
  </testcase>
  <testcase name="testPostEntityMap" classname="it.exame.rest.client.ClientRestTest" time="0.005">
    <system-out><![CDATA[2023-10-31 00:10:20,109 DEBUG [org.jbo.res.rea.cli.log.DefaultClientLogger] (vert.x-eventloop-thread-2) Request: POST http://localhost:8080/entities/ Headers[Accept=application/json Content-Type=application/json Link=<https://raw.githubusercontent.com/smart-data-models/dataModel.ManufacturingMachine/master/context.jsonld>; rel="http://www.w3.org/ns/json-ld#context"; type="application/ld+json" User-Agent=Resteasy Reactive Client content-length=207], Body:
{"machineModel":"urn:ngsi-ld:MachineModel:00b42701-43e1-482d-aa7a-e2956cfd65k9","description":"Auger - Trivella","id":"urn:ngsi-ld:Machine:9166c528-9c98-4579-a5d3-8068aea5d7k0","type":"ManufactoringMachine"}
2023-10-31 00:10:20.110 Request received:
127.0.0.1 - POST /entities/

Accept: [application/json]
Content-Type: [application/json]
Link: [<https://raw.githubusercontent.com/smart-data-models/dataModel.ManufacturingMachine/master/context.jsonld>; rel="http://www.w3.org/ns/json-ld#context"; type="application/ld+json"]
User-Agent: [Resteasy Reactive Client]
Content-Length: [207]
Host: [localhost:8080]
{"machineModel":"urn:ngsi-ld:MachineModel:00b42701-43e1-482d-aa7a-e2956cfd65k9","description":"Auger - Trivella","id":"urn:ngsi-ld:Machine:9166c528-9c98-4579-a5d3-8068aea5d7k0","type":"ManufactoringMachine"}


Matched response definition:
{
  "status" : 201
}

Response:
HTTP/1.1 201
Matched-Stub-Id: [e2894aa1-0302-42fa-a987-8a08867b2db5]

2023-10-31 00:10:20,111 DEBUG [org.jbo.res.rea.cli.log.DefaultClientLogger] (vert.x-eventloop-thread-2) Response: POST http://localhost:8080/entities/, Status[201 Created], Headers[Matched-Stub-Id=e2894aa1-0302-42fa-a987-8a08867b2db5 Transfer-Encoding=chunked], Body:

]]></system-out>
  </testcase>
</testsuite>